<?xml version="1.0" encoding="UTF-8"?>
<!-- Generated by org.testng.reporters.JUnitXMLReporter -->
<testsuite hostname="user-PC" ignored="0" name="Test" tests="15" failures="0" timestamp="2020-08-12T20:41:00 IST" time="41.274" errors="0">
  <testcase name="checkEmailField_SmokeTest" time="0.443" classname="flipkart.Test.SmokeTest"/>
  <testcase name="enterEmailForLogin_SmokeTest" time="3.199" classname="flipkart.Test.SmokeTest"/>
  <testcase name="checkPassword_SmokeTest" time="0.095" classname="flipkart.Test.SmokeTest"/>
  <testcase name="enterPassword_smokeTesting" time="2.159" classname="flipkart.Test.SmokeTest"/>
  <testcase name="checkLogin_SmokeTest" time="0.055" classname="flipkart.Test.SmokeTest"/>
  <testcase name="clickOnLogin_smokeTesting" time="10.087" classname="flipkart.Test.SmokeTest"/>
  <testcase name="checkTitle_SmokeTest" time="0.021" classname="flipkart.Test.SmokeTest"/>
  <testcase name="checkAccount_SmokeTest" time="0.054" classname="flipkart.Test.SmokeTest"/>
  <testcase name="checkCart_SmokeTest" time="0.03" classname="flipkart.Test.SmokeTest"/>
  <testcase name="checkHomeAppliances_SmokeTest" time="0.028" classname="flipkart.Test.SmokeTest"/>
  <testcase name="homeAppliances_smokeTesting" time="3.172" classname="flipkart.Test.SmokeTest"/>
  <testcase name="checkFridge_SmokeTest" time="0.048" classname="flipkart.Test.SmokeTest"/>
  <testcase name="checkTV_SmokeTest" time="0.045" classname="flipkart.Test.SmokeTest"/>
  <testcase name="checkAC_SmokeTest" time="0.043" classname="flipkart.Test.SmokeTest"/>
  <testcase name="logOut_SmokeTest" time="8.359" classname="flipkart.Test.SmokeTest"/>
</testsuite> <!-- Test -->
