<?xml version="1.0" encoding="UTF-8"?>
<!-- Generated by org.testng.reporters.JUnitXMLReporter -->
<testsuite hostname="user-PC" ignored="0" name="Test" tests="15" failures="0" timestamp="2020-08-06T23:17:47 IST" time="18.597" errors="0">
  <testcase name="checkEmailField_SmokeTest" time="0.582" classname="flipkart.Test.SmokeTest"/>
  <testcase name="enterEmailForLogin_SmokeTest" time="2.393" classname="flipkart.Test.SmokeTest"/>
  <testcase name="checkPassword_SmokeTest" time="0.423" classname="flipkart.Test.SmokeTest"/>
  <testcase name="enterPassword_smokeTesting" time="0.361" classname="flipkart.Test.SmokeTest"/>
  <testcase name="checkLogin_SmokeTest" time="0.313" classname="flipkart.Test.SmokeTest"/>
  <testcase name="clickOnLogin_smokeTesting" time="0.284" classname="flipkart.Test.SmokeTest"/>
  <testcase name="checkTitle_SmokeTest" time="0.062" classname="flipkart.Test.SmokeTest"/>
  <testcase name="checkAccount_SmokeTest" time="0.189" classname="flipkart.Test.SmokeTest"/>
  <testcase name="checkCart_SmokeTest" time="0.172" classname="flipkart.Test.SmokeTest"/>
  <testcase name="checkHomeAppliances_SmokeTest" time="0.125" classname="flipkart.Test.SmokeTest"/>
  <testcase name="homeAppliances_smokeTesting" time="3.381" classname="flipkart.Test.SmokeTest"/>
  <testcase name="checkFridge_SmokeTest" time="0.189" classname="flipkart.Test.SmokeTest"/>
  <testcase name="checkTV_SmokeTest" time="0.109" classname="flipkart.Test.SmokeTest"/>
  <testcase name="checkAC_SmokeTest" time="0.11" classname="flipkart.Test.SmokeTest"/>
  <testcase name="logOut_SmokeTest" time="1.866" classname="flipkart.Test.SmokeTest"/>
</testsuite> <!-- Test -->
