<?xml version="1.0" encoding="UTF-8"?>
<!-- Generated by org.testng.reporters.JUnitXMLReporter -->
<testsuite hostname="user-PC" ignored="0" name="Default test" tests="24" failures="0" timestamp="2020-08-10T20:05:28 IST" time="212.68" errors="0">
  <testcase name="enterEmailForLogin" time="6.73" classname="flipkart.Test.FlipkartTest"/>
  <testcase name="enterPasswordForLogin" time="2.312" classname="flipkart.Test.FlipkartTest"/>
  <testcase name="clickOnLogin" time="10.136" classname="flipkart.Test.FlipkartTest"/>
  <testcase name="getTitle" time="0.032" classname="flipkart.Test.FlipkartTest"/>
  <testcase name="homeAppliances" time="3.242" classname="flipkart.Test.FlipkartTest"/>
  <testcase name="clickOnFridge" time="6.147" classname="flipkart.Test.FlipkartTest"/>
  <testcase name="firstItem" time="8.269" classname="flipkart.Test.FlipkartTest"/>
  <testcase name="addFirstItem" time="14.853" classname="flipkart.Test.FlipkartTest"/>
  <testcase name="homeAppliances1" time="3.163" classname="flipkart.Test.FlipkartTest"/>
  <testcase name="clickOnTelevision" time="5.198" classname="flipkart.Test.FlipkartTest"/>
  <testcase name="SecondItem" time="5.142" classname="flipkart.Test.FlipkartTest"/>
  <testcase name="addSecondItem" time="14.434" classname="flipkart.Test.FlipkartTest"/>
  <testcase name="clickOnCart1" time="10.211" classname="flipkart.Test.FlipkartTest"/>
  <testcase name="screenshot_initial" time="10.576" classname="flipkart.Test.FlipkartTest"/>
  <testcase name="writeDataInExcel1" time="14.169" classname="flipkart.Test.FlipkartTest"/>
  <testcase name="homeAppliances2" time="2.159" classname="flipkart.Test.FlipkartTest"/>
  <testcase name="clickOnACtab" time="5.313" classname="flipkart.Test.FlipkartTest"/>
  <testcase name="ThirdItem" time="3.213" classname="flipkart.Test.FlipkartTest"/>
  <testcase name="addThirdItem" time="13.539" classname="flipkart.Test.FlipkartTest"/>
  <testcase name="clickOnCart2" time="10.22" classname="flipkart.Test.FlipkartTest"/>
  <testcase name="screenshot_final" time="10.411" classname="flipkart.Test.FlipkartTest"/>
  <testcase name="writeDataInExcel" time="0.382" classname="flipkart.Test.FlipkartTest"/>
  <testcase name="remove" time="27.806" classname="flipkart.Test.FlipkartTest"/>
  <testcase name="logOut" time="8.394" classname="flipkart.Test.FlipkartTest"/>
</testsuite> <!-- Default test -->
