<?xml version="1.0" encoding="UTF-8"?>
<testsuite name="TestSuite" time="225.954" tests="43" errors="0" skipped="0" failures="1">
  <properties>
[...]
</properties>
  <testcase name="checkEmailField_SmokeTest" classname="flipkart.Test.SmokeTest" time="0.458"/>
  <testcase name="enterEmailForLogin_SmokeTest" classname="flipkart.Test.SmokeTest" time="3.204"/>
  <testcase name="checkPassword_SmokeTest" classname="flipkart.Test.SmokeTest" time="0.085"/>
  <testcase name="enterPassword_smokeTesting" classname="flipkart.Test.SmokeTest" time="2.16"/>
  <testcase name="checkLogin_SmokeTest" classname="flipkart.Test.SmokeTest" time="0.044"/>
  <testcase name="clickOnLogin_smokeTesting" classname="flipkart.Test.SmokeTest" time="10.085"/>
  <testcase name="checkTitle_SmokeTest" classname="flipkart.Test.SmokeTest" time="0.03"/>
  <testcase name="checkAccount_SmokeTest" classname="flipkart.Test.SmokeTest" time="0.036"/>
  <testcase name="checkCart_SmokeTest" classname="flipkart.Test.SmokeTest" time="0.031"/>
  <testcase name="checkHomeAppliances_SmokeTest" classname="flipkart.Test.SmokeTest" time="0.025"/>
  <testcase name="homeAppliances_smokeTesting" classname="flipkart.Test.SmokeTest" time="3.17"/>
  <testcase name="checkFridge_SmokeTest" classname="flipkart.Test.SmokeTest" time="0.037"/>
  <testcase name="checkTV_SmokeTest" classname="flipkart.Test.SmokeTest" time="0.028"/>
  <testcase name="checkAC_SmokeTest" classname="flipkart.Test.SmokeTest" time="0.033"/>
  <testcase name="logOut_SmokeTest" classname="flipkart.Test.SmokeTest" time="8.349"/>
  <testcase name="enterEmailForLogin" classname="flipkart.Test.FlipkartTest" time="1.351"/>
  <testcase name="enterPasswordForLogin" classname="flipkart.Test.FlipkartTest" time="2.193"/>
  <testcase name="clickOnLogin" classname="flipkart.Test.FlipkartTest" time="10.1"/>
  <testcase name="getTitle" classname="flipkart.Test.FlipkartTest" time="0.014"/>
  <testcase name="homeAppliances" classname="flipkart.Test.FlipkartTest" time="3.142"/>
  <testcase name="clickOnFridge" classname="flipkart.Test.FlipkartTest" time="6.093"/>
  <testcase name="firstItem" classname="flipkart.Test.FlipkartTest" time="8.102"/>
  <testcase name="addFirstItem" classname="flipkart.Test.FlipkartTest" time="14.58"/>
  <testcase name="homeAppliances1" classname="flipkart.Test.FlipkartTest" time="3.136"/>
  <testcase name="clickOnTelevision" classname="flipkart.Test.FlipkartTest" time="5.223"/>
  <testcase name="SecondItem" classname="flipkart.Test.FlipkartTest" time="5.129"/>
  <testcase name="addSecondItem" classname="flipkart.Test.FlipkartTest" time="14.43"/>
  <testcase name="clickOnCart1" classname="flipkart.Test.FlipkartTest" time="10.206"/>
  <testcase name="screenshot_initial" classname="flipkart.Test.FlipkartTest" time="10.416"/>
  <testcase name="writeDataInExcel1" classname="flipkart.Test.FlipkartTest" time="13.717"/>
  <testcase name="homeAppliances2" classname="flipkart.Test.FlipkartTest" time="2.149"/>
  <testcase name="clickOnACtab" classname="flipkart.Test.FlipkartTest" time="5.377"/>
  <testcase name="ThirdItem" classname="flipkart.Test.FlipkartTest" time="3.209"/>
  <testcase name="addThirdItem" classname="flipkart.Test.FlipkartTest" time="13.577"/>
  <testcase name="clickOnCart2" classname="flipkart.Test.FlipkartTest" time="10.241"/>
  <testcase name="screenshot_final" classname="flipkart.Test.FlipkartTest" time="10.385"/>
  <testcase name="writeDataInExcel" classname="flipkart.Test.FlipkartTest" time="0.269"/>
  <testcase name="remove" classname="flipkart.Test.FlipkartTest" time="27.683"/>
  <testcase name="logOut" classname="flipkart.Test.FlipkartTest" time="8.345"/>
  <testcase name="enterEmailForLogin_NegativeTest" classname="flipkart.Test.NegativeTest" time="2.259"/>
  <testcase name="enterPassword_NegativeTest" classname="flipkart.Test.NegativeTest" time="1.375">
    <failure message="expected [flipk@rt123] but found [flipk@rt4564]" type="java.lang.AssertionError">java.lang.AssertionError: expected [flipk@rt123] but found [flipk@rt4564]
	at org.testng.Assert.fail(Assert.java:97)
	at org.testng.Assert.assertEqualsImpl(Assert.java:136)
	at org.testng.Assert.assertEquals(Assert.java:118)
	at org.testng.Assert.assertEquals(Assert.java:575)
	at org.testng.Assert.assertEquals(Assert.java:585)
	at flipkart.Test.NegativeTest.enterPassword_NegativeTest(NegativeTest.java:92)
</failure>
    <system-out><![CDATA[08-12-2020 20:44:30 _Log4jLoggerFactory.java DEBUG [main] freemarker.cache 45 - Couldn't find template in cache for "Extent.ftl"("en_US", UTF-8, parsed); will try to load it.
08-12-2020 20:44:30 _Log4jLoggerFactory.java DEBUG [main] freemarker.cache 45 - TemplateLoader.findTemplateSource("Extent_en_US.ftl"): Not found
08-12-2020 20:44:30 _Log4jLoggerFactory.java DEBUG [main] freemarker.cache 45 - TemplateLoader.findTemplateSource("Extent_en.ftl"): Not found
08-12-2020 20:44:30 _Log4jLoggerFactory.java DEBUG [main] freemarker.cache 45 - TemplateLoader.findTemplateSource("Extent.ftl"): Found
08-12-2020 20:44:30 _Log4jLoggerFactory.java DEBUG [main] freemarker.cache 45 - Loading template for "Extent.ftl"("en_US", UTF-8, parsed) from "jar:file:/C:/Users/user/.m2/repository/com/relevantcodes/extentreports/2.41.2/extentreports-2.41.2.jar!/com/relevantcodes/extentreports/view/Extent.ftl"
08-12-2020 20:44:31 NegativeTest.java INFO  [main] Test.NegativeTest 86 - **********************Entering password for negative testing**********************
08-12-2020 20:44:32 NegativeTest.java INFO  [main] Test.NegativeTest 88 - **********************Checking email for negative testing**********************
]]></system-out>
  </testcase>
  <testcase name="clickOnLogin_NegativeTest" classname="flipkart.Test.NegativeTest" time="2.088"/>
  <testcase name="screenshot_NegativeTest" classname="flipkart.Test.NegativeTest" time="3.39"/>
</testsuite>