<?xml version="1.0" encoding="UTF-8"?>
<!-- Generated by org.testng.reporters.JUnitXMLReporter -->
<testsuite hostname="user-PC" ignored="0" name="Test" tests="24" failures="0" timestamp="2020-08-12T20:44:21 IST" time="200.42" errors="0">
  <testcase name="enterEmailForLogin" time="1.37" classname="flipkart.Test.FlipkartTest"/>
  <testcase name="enterPasswordForLogin" time="2.216" classname="flipkart.Test.FlipkartTest"/>
  <testcase name="clickOnLogin" time="10.101" classname="flipkart.Test.FlipkartTest"/>
  <testcase name="getTitle" time="0.01" classname="flipkart.Test.FlipkartTest"/>
  <testcase name="homeAppliances" time="3.144" classname="flipkart.Test.FlipkartTest"/>
  <testcase name="clickOnFridge" time="6.11" classname="flipkart.Test.FlipkartTest"/>
  <testcase name="firstItem" time="8.108" classname="flipkart.Test.FlipkartTest"/>
  <testcase name="addFirstItem" time="14.584" classname="flipkart.Test.FlipkartTest"/>
  <testcase name="homeAppliances1" time="3.137" classname="flipkart.Test.FlipkartTest"/>
  <testcase name="clickOnTelevision" time="5.233" classname="flipkart.Test.FlipkartTest"/>
  <testcase name="SecondItem" time="5.13" classname="flipkart.Test.FlipkartTest"/>
  <testcase name="addSecondItem" time="14.43" classname="flipkart.Test.FlipkartTest"/>
  <testcase name="clickOnCart1" time="10.207" classname="flipkart.Test.FlipkartTest"/>
  <testcase name="screenshot_initial" time="10.425" classname="flipkart.Test.FlipkartTest"/>
  <testcase name="writeDataInExcel1" time="13.721" classname="flipkart.Test.FlipkartTest"/>
  <testcase name="homeAppliances2" time="2.155" classname="flipkart.Test.FlipkartTest"/>
  <testcase name="clickOnACtab" time="5.389" classname="flipkart.Test.FlipkartTest"/>
  <testcase name="ThirdItem" time="3.211" classname="flipkart.Test.FlipkartTest"/>
  <testcase name="addThirdItem" time="13.576" classname="flipkart.Test.FlipkartTest"/>
  <testcase name="clickOnCart2" time="10.241" classname="flipkart.Test.FlipkartTest"/>
  <testcase name="screenshot_final" time="10.389" classname="flipkart.Test.FlipkartTest"/>
  <testcase name="writeDataInExcel" time="0.269" classname="flipkart.Test.FlipkartTest"/>
  <testcase name="remove" time="27.683" classname="flipkart.Test.FlipkartTest"/>
  <testcase name="logOut" time="8.356" classname="flipkart.Test.FlipkartTest"/>
</testsuite> <!-- Test -->
